<?xml version="1.0" encoding="UTF-8"?>
<!-- Generated by org.testng.reporters.JUnitXMLReporter -->
<testsuite hostname="SriPriya" name="Default test" tests="3" failures="0" timestamp="5 Jun 2019 00:28:44 GMT" time="44.866" errors="0">
  <testcase name="TC001_ColCountValidation" time="22.314" classname="mmp.assignment.one.Assignment1_DynamicRows"/>
  <testcase name="TC002_ColCountValidationParam" time="0.0" classname="mmp.assignment.one.Assignment1_DynamicRows">
    <skipped/>
  </testcase> <!-- TC002_ColCountValidationParam -->
  <testcase name="TC002_ColDataValidation" time="22.518" classname="mmp.assignment.one.Assignment1_DynamicRows"/>
</testsuite> <!-- Default test -->
