<?xml version="1.0" encoding="UTF-8"?>
<!-- Generated by org.testng.reporters.JUnitXMLReporter -->
<testsuite hostname="SriPriya" name="Test" tests="2" failures="2" timestamp="3 Jun 2019 22:00:05 GMT" time="54.802" errors="0">
  <testcase name="TC001_ColCountValidation" time="28.394" classname="mmp.assignment.one.Assignment1_DynamicRows">
    <failure type="junit.framework.AssertionFailedError">
      <![CDATA[junit.framework.AssertionFailedError
	at junit.framework.Assert.fail(Assert.java:47)
	at junit.framework.Assert.assertTrue(Assert.java:20)
	at junit.framework.Assert.assertTrue(Assert.java:27)
	at mmp.assigment.one.homepage.HomePage.colCountCheck(HomePage.java:34)
	at mmp.assignment.one.Assignment1_DynamicRows.TC001_ColCountValidation(Assignment1_DynamicRows.java:16)
... Removed 25 stack frames]]>
    </failure>
  </testcase> <!-- TC001_ColCountValidation -->
  <testcase name="TC002_ColCountValidationParam" time="26.366" classname="mmp.assignment.one.Assignment1_DynamicRows">
    <failure type="junit.framework.AssertionFailedError">
      <![CDATA[junit.framework.AssertionFailedError
	at junit.framework.Assert.fail(Assert.java:47)
	at junit.framework.Assert.assertTrue(Assert.java:20)
	at junit.framework.Assert.assertTrue(Assert.java:27)
	at mmp.assigment.one.homepage.HomePage.colCountCheck(HomePage.java:34)
	at mmp.assignment.one.Assignment1_DynamicRows.TC002_ColCountValidationParam(Assignment1_DynamicRows.java:27)
... Removed 25 stack frames]]>
    </failure>
  </testcase> <!-- TC002_ColCountValidationParam -->
</testsuite> <!-- Test -->
