<?xml version="1.0" encoding="UTF-8"?>
<testng-results skipped="0" failed="0" total="2" passed="2">
  <reporter-output>
  </reporter-output>
  <suite name="Default suite" duration-ms="45442" started-at="2019-06-05T00:10:47Z" finished-at="2019-06-05T00:11:33Z">
    <groups>
    </groups>
    <test name="Default test" duration-ms="45442" started-at="2019-06-05T00:10:47Z" finished-at="2019-06-05T00:11:33Z">
      <class name="mmp.assignment.one.Assignment1_DynamicRows">
        <test-method status="PASS" signature="TC001_ColCountValidation()[pri:0, instance:mmp.assignment.one.Assignment1_DynamicRows@6093dd95]" name="TC001_ColCountValidation" duration-ms="23933" started-at="2019-06-04T17:10:47Z" finished-at="2019-06-04T17:11:11Z">
          <reporter-output>
          </reporter-output>
        </test-method> <!-- TC001_ColCountValidation -->
        <test-method status="PASS" signature="TC002_ColDataValidation()[pri:0, instance:mmp.assignment.one.Assignment1_DynamicRows@6093dd95]" name="TC002_ColDataValidation" duration-ms="21481" started-at="2019-06-04T17:11:11Z" finished-at="2019-06-04T17:11:33Z">
          <reporter-output>
          </reporter-output>
        </test-method> <!-- TC002_ColDataValidation -->
      </class> <!-- mmp.assignment.one.Assignment1_DynamicRows -->
    </test> <!-- Default test -->
  </suite> <!-- Default suite -->
</testng-results>
